::1 - - [26/Sep/2022:03:13:20 +0000] "GET /users/register HTTP/1.1" 404 153 "-" "PostmanRuntime/7.29.2"
::1 - - [26/Sep/2022:03:13:28 +0000] "POST /users/register HTTP/1.1" 400 140 "-" "PostmanRuntime/7.29.2"
::1 - - [26/Sep/2022:03:13:47 +0000] "POST /users/register HTTP/1.1" 201 51 "-" "PostmanRuntime/7.29.2"
::1 - - [26/Sep/2022:03:15:00 +0000] "POST /users/register HTTP/1.1" 201 51 "-" "PostmanRuntime/7.29.2"
::1 - - [26/Sep/2022:03:15:29 +0000] "POST /users/register HTTP/1.1" 409 51 "-" "PostmanRuntime/7.29.2"
::1 - - [26/Sep/2022:03:16:03 +0000] "POST /users/register HTTP/1.1" 409 55 "-" "PostmanRuntime/7.29.2"
::1 - - [26/Sep/2022:03:16:21 +0000] "POST /users/register HTTP/1.1" 201 51 "-" "PostmanRuntime/7.29.2"
::1 - - [27/Sep/2022:15:47:37 +0000] "GET /users/login HTTP/1.1" 404 150 "-" "PostmanRuntime/7.29.2"
::1 - - [27/Sep/2022:15:47:41 +0000] "POST /users/login HTTP/1.1" 404 151 "-" "PostmanRuntime/7.29.2"
::1 - - [27/Sep/2022:15:47:45 +0000] "POST /users/login HTTP/1.1" 404 151 "-" "PostmanRuntime/7.29.2"
::1 - - [27/Sep/2022:15:48:05 +0000] "POST /users/login HTTP/1.1" 400 50 "-" "PostmanRuntime/7.29.2"
::1 - - [27/Sep/2022:15:49:44 +0000] "POST /users/login HTTP/1.1" 400 63 "-" "PostmanRuntime/7.29.2"
::1 - - [27/Sep/2022:15:50:09 +0000] "POST /users/login HTTP/1.1" 400 63 "-" "PostmanRuntime/7.29.2"
::1 - - [27/Sep/2022:15:50:46 +0000] "POST /users/login HTTP/1.1" 400 206 "-" "PostmanRuntime/7.29.2"
::1 - - [27/Sep/2022:15:53:22 +0000] "POST /users/login HTTP/1.1" 200 810 "-" "PostmanRuntime/7.29.2"
::1 - - [27/Sep/2022:16:44:06 +0000] "POST /users/login HTTP/1.1" 200 1301 "-" "PostmanRuntime/7.29.2"
::1 - - [27/Sep/2022:23:39:44 +0000] "POST /users/6331198566aad64e3d598802/follow HTTP/1.1" 404 177 "-" "PostmanRuntime/7.29.2"
::1 - - [27/Sep/2022:23:39:48 +0000] "PUT /users/6331198566aad64e3d598802/follow HTTP/1.1" 404 176 "-" "PostmanRuntime/7.29.2"
::1 - - [27/Sep/2022:23:40:33 +0000] "PUT /users/6331198566aad64e3d598802/follow HTTP/1.1" 404 176 "-" "PostmanRuntime/7.29.2"
::1 - - [27/Sep/2022:23:40:33 +0000] "PUT /users/6331198566aad64e3d598802/follow HTTP/1.1" 404 176 "-" "PostmanRuntime/7.29.2"
::1 - - [27/Sep/2022:23:40:34 +0000] "PUT /users/6331198566aad64e3d598802/follow HTTP/1.1" 404 176 "-" "PostmanRuntime/7.29.2"
::1 - - [27/Sep/2022:23:40:35 +0000] "PUT /users/6331198566aad64e3d598802/follow HTTP/1.1" 404 176 "-" "PostmanRuntime/7.29.2"
::1 - - [27/Sep/2022:23:40:47 +0000] "PUT /users/6331198566aad64e3d598802/follow HTTP/1.1" 404 176 "-" "PostmanRuntime/7.29.2"
::1 - - [27/Sep/2022:23:41:13 +0000] "PUT /users/login HTTP/1.1" 404 150 "-" "PostmanRuntime/7.29.2"
::1 - - [27/Sep/2022:23:41:17 +0000] "POST /users/login HTTP/1.1" 200 810 "-" "PostmanRuntime/7.29.2"
::1 - - [27/Sep/2022:23:43:32 +0000] "PUT /users/6331198566aad64e3d598802/follow HTTP/1.1" 200 2 "-" "PostmanRuntime/7.29.2"
::1 - - [27/Sep/2022:23:43:39 +0000] "PUT /users/6331198566aad/follow HTTP/1.1" 401 71 "-" "PostmanRuntime/7.29.2"
::1 - - [27/Sep/2022:23:43:48 +0000] "PUT /users/6331198566aad64e3d598802/follow HTTP/1.1" 200 2 "-" "PostmanRuntime/7.29.2"
::1 - - [28/Sep/2022:00:16:14 +0000] "PUT /users/6331198566aad64e3d598802/follow HTTP/1.1" 200 2 "-" "PostmanRuntime/7.29.2"
::1 - - [28/Sep/2022:00:17:57 +0000] "PUT /users/6331198566aad64e3d598802/follow HTTP/1.1" 200 36 "-" "PostmanRuntime/7.29.2"
::1 - - [28/Sep/2022:00:18:42 +0000] "PUT /users/6331198566aad64e3d598802/follow HTTP/1.1" 200 36 "-" "PostmanRuntime/7.29.2"
::1 - - [28/Sep/2022:00:27:34 +0000] "PUT /users/6331198566aad64e3d598802/follow HTTP/1.1" 200 36 "-" "PostmanRuntime/7.29.2"
::1 - - [28/Sep/2022:00:29:48 +0000] "POST /users/login HTTP/1.1" 200 1293 "-" "PostmanRuntime/7.29.2"
::1 - - [28/Sep/2022:00:39:20 +0000] "PUT /users/6331198566aad64e3d598802/follow HTTP/1.1" 200 36 "-" "PostmanRuntime/7.29.2"
::1 - - [28/Sep/2022:00:41:10 +0000] "PUT /users/6331198566aad64e3d598802/follow HTTP/1.1" 200 516 "-" "PostmanRuntime/7.29.2"
::1 - - [28/Sep/2022:00:44:49 +0000] "PUT /users/6331198566aad64e3d598802/follow HTTP/1.1" 200 524 "-" "PostmanRuntime/7.29.2"
::1 - - [28/Sep/2022:00:46:06 +0000] "PUT /users/6331198566aad64e3d598802/follow HTTP/1.1" 200 499 "-" "PostmanRuntime/7.29.2"
::1 - - [28/Sep/2022:02:55:18 +0000] "POST /users/register HTTP/1.1" 201 51 "-" "PostmanRuntime/7.29.2"
::1 - - [28/Sep/2022:02:56:25 +0000] "PUT /users/6331198566aad64e3d598802/follow HTTP/1.1" 200 592 "-" "PostmanRuntime/7.29.2"
::1 - - [28/Sep/2022:03:01:34 +0000] "PUT /users/6331198566aad64e3d598802/follow HTTP/1.1" 200 1044 "-" "PostmanRuntime/7.29.2"
::1 - - [28/Sep/2022:03:08:19 +0000] "PUT /users/6331198566aad64e3d598802/follow HTTP/1.1" 200 1044 "-" "PostmanRuntime/7.29.2"
::1 - - [28/Sep/2022:03:09:49 +0000] "PUT /users/6331198566aad64e3d598802/follow HTTP/1.1" 200 1044 "-" "PostmanRuntime/7.29.2"
::1 - - [28/Sep/2022:03:11:05 +0000] "PUT /users/6331198566aad64e3d598802/follow HTTP/1.1" 200 1044 "-" "PostmanRuntime/7.29.2"
::1 - - [28/Sep/2022:03:14:27 +0000] "PUT /users/6331198566aad64e3d598802/follow HTTP/1.1" 200 1044 "-" "PostmanRuntime/7.29.2"
::1 - - [28/Sep/2022:10:13:19 +0000] "PUT /users/6331198566aad64e3d598802/follow HTTP/1.1" 200 1044 "-" "PostmanRuntime/7.29.2"
::1 - - [28/Sep/2022:10:28:04 +0000] "PUT /users/6331198566aad64e3d598802/follow HTTP/1.1" 401 78 "-" "PostmanRuntime/7.29.2"
::1 - - [28/Sep/2022:10:29:09 +0000] "PUT /users/6331198566aad64e3d598802/follow HTTP/1.1" 401 78 "-" "PostmanRuntime/7.29.2"
::1 - - [28/Sep/2022:10:29:40 +0000] "PUT /users/6331198566aad64e3d598802/follow HTTP/1.1" 401 119 "-" "PostmanRuntime/7.29.2"
::1 - - [28/Sep/2022:10:41:45 +0000] "PUT /users/6331198566aad64e3d598802/follow HTTP/1.1" 401 119 "-" "PostmanRuntime/7.29.2"
::1 - - [28/Sep/2022:10:42:03 +0000] "PUT /users/6331198566aad64e3d598802/follow HTTP/1.1" 401 119 "-" "PostmanRuntime/7.29.2"
::1 - - [28/Sep/2022:10:42:53 +0000] "PUT /users/6331198566aad64e3d598802/follow HTTP/1.1" 401 119 "-" "PostmanRuntime/7.29.2"
::1 - - [28/Sep/2022:10:43:45 +0000] "PUT /users/6331198566aad64e3d598802/follow HTTP/1.1" 401 119 "-" "PostmanRuntime/7.29.2"
::1 - - [28/Sep/2022:10:44:29 +0000] "PUT /users/6331198566aad64e3d598802/follow HTTP/1.1" 401 119 "-" "PostmanRuntime/7.29.2"
::1 - - [28/Sep/2022:10:45:01 +0000] "PUT /users/6331198566aad64e3d598802/follow HTTP/1.1" 401 119 "-" "PostmanRuntime/7.29.2"
::1 - - [28/Sep/2022:10:45:57 +0000] "PUT /users/6331198566aad64e3d598802/follow HTTP/1.1" 200 1027 "-" "PostmanRuntime/7.29.2"
::1 - - [28/Sep/2022:11:03:19 +0000] "PUT /users/6331198566aad64e3d598802/follow HTTP/1.1" 200 41 "-" "PostmanRuntime/7.29.2"
::1 - - [28/Sep/2022:12:11:47 +0000] "PUT /users/6331198566aad64e3d598802/unfollow HTTP/1.1" 401 62 "-" "PostmanRuntime/7.29.2"
::1 - - [28/Sep/2022:12:12:32 +0000] "PUT /users/6331198566aad64e3d598802/unfollow HTTP/1.1" 200 39 "-" "PostmanRuntime/7.29.2"
::1 - - [02/Oct/2022:23:59:52 +0000] "PUT /users/6331198566aad64e3d598802/unfollow HTTP/1.1" 401 58 "-" "PostmanRuntime/7.29.2"
::1 - - [03/Oct/2022:00:00:08 +0000] "PUT /users/6331198566aad64e3d598802/follow HTTP/1.1" 200 41 "-" "PostmanRuntime/7.29.2"
::1 - - [03/Oct/2022:00:01:23 +0000] "PUT /users/6331198566aad64e3d598802/follow HTTP/1.1" 200 41 "-" "PostmanRuntime/7.29.2"
::1 - - [03/Oct/2022:00:03:04 +0000] "PUT /users/6331198566aad64e3d598802/follow HTTP/1.1" 200 41 "-" "PostmanRuntime/7.29.2"
::1 - - [03/Oct/2022:02:44:05 +0000] "POST /6331198566aad64e3d598802/posts/create HTTP/1.1" 400 79 "-" "PostmanRuntime/7.29.2"
::1 - - [03/Oct/2022:02:44:29 +0000] "POST /6331198566aad64e3d598802/posts/create HTTP/1.1" 400 79 "-" "PostmanRuntime/7.29.2"
::1 - - [03/Oct/2022:02:44:52 +0000] "POST /6331198566aad64e3d598802/posts/create HTTP/1.1" 400 104 "-" "PostmanRuntime/7.29.2"
::1 - - [03/Oct/2022:02:45:55 +0000] "POST /6331198566aad64e3d598802/posts/create HTTP/1.1" 201 790 "-" "PostmanRuntime/7.29.2"
::1 - - [03/Oct/2022:02:46:37 +0000] "POST /6331198566aad64e3d598802/posts/create HTTP/1.1" 201 791 "-" "PostmanRuntime/7.29.2"
::1 - - [03/Oct/2022:02:46:48 +0000] "POST /6331198566aad64e3d598802/posts/create HTTP/1.1" 201 768 "-" "PostmanRuntime/7.29.2"
::1 - - [03/Oct/2022:02:46:56 +0000] "POST /6331198566aad64e3d598802/posts/create HTTP/1.1" 201 758 "-" "PostmanRuntime/7.29.2"
::1 - - [03/Oct/2022:02:55:32 +0000] "POST /6331198566aad64e3d598802/posts/create HTTP/1.1" 201 755 "-" "PostmanRuntime/7.29.2"
::1 - - [03/Oct/2022:04:52:54 +0000] "POST /6331198566aad64e3d598802/posts/633a4ce35806e74467df4179/like HTTP/1.1" 404 200 "-" "PostmanRuntime/7.29.2"
::1 - - [03/Oct/2022:04:52:58 +0000] "PUT /6331198566aad64e3d598802/posts/633a4ce35806e74467df4179/like HTTP/1.1" 200 24 "-" "PostmanRuntime/7.29.2"
::1 - - [03/Oct/2022:04:55:14 +0000] "POST /users/login HTTP/1.1" 200 1375 "-" "PostmanRuntime/7.29.2"
::1 - - [03/Oct/2022:04:56:00 +0000] "PUT /6331198566aad64e3d598802/posts/633a4ce35806e74467df4179/like HTTP/1.1" 200 24 "-" "PostmanRuntime/7.29.2"
::1 - - [03/Oct/2022:05:02:23 +0000] "PUT /6331198566aad64e3d598802/posts/633a4ce35806e74467df4179/like HTTP/1.1" 200 24 "-" "PostmanRuntime/7.29.2"
::1 - - [03/Oct/2022:05:03:10 +0000] "PUT /6331198566aad64e3d598802/posts/633a4ce35806e74467df4179/like HTTP/1.1" 200 24 "-" "PostmanRuntime/7.29.2"
::1 - - [03/Oct/2022:05:04:18 +0000] "PUT /6331198566aad64e3d598802/posts/633a4ce35806e74467df4179/like HTTP/1.1" 200 24 "-" "PostmanRuntime/7.29.2"
::1 - - [03/Oct/2022:05:04:57 +0000] "PUT /6331198566aad64e3d598802/posts/633a4ce35806e74467df4179/like HTTP/1.1" 200 24 "-" "PostmanRuntime/7.29.2"
::1 - - [03/Oct/2022:05:05:14 +0000] "PUT /6331198566aad64e3d598802/posts/633a4ce35806e74467df4179/like HTTP/1.1" 200 24 "-" "PostmanRuntime/7.29.2"
::1 - - [03/Oct/2022:05:07:01 +0000] "PUT /6331198566aad64e3d598802/posts/633a4ce35806e74467df4179/like HTTP/1.1" 200 24 "-" "PostmanRuntime/7.29.2"
::1 - - [03/Oct/2022:05:14:16 +0000] "PUT /6331198566aad64e3d598802/posts/633a4ce35806e74467df4179/like HTTP/1.1" 200 24 "-" "PostmanRuntime/7.29.2"
::1 - - [03/Oct/2022:05:17:25 +0000] "PUT /6331198566aad64e3d598802/posts/633a4ce35806e74467df4179/like HTTP/1.1" 200 24 "-" "PostmanRuntime/7.29.2"
::1 - - [03/Oct/2022:05:17:43 +0000] "PUT /6331198566aad64e3d598802/posts/633a4ce35806e74467df4179/like HTTP/1.1" 401 99 "-" "PostmanRuntime/7.29.2"
::1 - - [03/Oct/2022:05:18:12 +0000] "POST /6331198566aad64e3d598802/posts/create HTTP/1.1" 201 754 "-" "PostmanRuntime/7.29.2"
::1 - - [03/Oct/2022:05:19:06 +0000] "PUT /6331198566aad64e3d598802/posts/633a4ce35806e74467df4179/like HTTP/1.1" 401 99 "-" "PostmanRuntime/7.29.2"
::1 - - [03/Oct/2022:23:49:22 +0000] "GET /6331198566aad64e3d598802/feed HTTP/1.1" 200 1322 "-" "PostmanRuntime/7.29.2"
::1 - - [03/Oct/2022:23:50:55 +0000] "POST /users/register HTTP/1.1" 201 51 "-" "PostmanRuntime/7.29.2"
::1 - - [03/Oct/2022:23:51:12 +0000] "POST /users/login HTTP/1.1" 200 1225 "-" "PostmanRuntime/7.29.2"
::1 - - [03/Oct/2022:23:51:59 +0000] "GET /6331198566aad64e3d598802/feed HTTP/1.1" 401 112 "-" "PostmanRuntime/7.29.2"
::1 - - [03/Oct/2022:23:52:25 +0000] "GET /633b755fa4b94ad726ce934d/feed HTTP/1.1" 200 11 "-" "PostmanRuntime/7.29.2"
::1 - - [03/Oct/2022:23:53:47 +0000] "GET /6331198566aad64e3d598802/feed HTTP/1.1" 200 1322 "-" "PostmanRuntime/7.29.2"
::1 - - [04/Oct/2022:00:16:57 +0000] "GET /6331198566aad64e3d598802/feed?page=1?limit=3 HTTP/1.1" 200 126 "-" "PostmanRuntime/7.29.2"
::1 - - [04/Oct/2022:00:17:13 +0000] "GET /6331198566aad64e3d598802/feed?page=0?limit=3 HTTP/1.1" 200 1356 "-" "PostmanRuntime/7.29.2"
::1 - - [04/Oct/2022:00:17:25 +0000] "GET /6331198566aad64e3d598802/feed?page=0?limit=0 HTTP/1.1" 200 1356 "-" "PostmanRuntime/7.29.2"
::1 - - [04/Oct/2022:00:17:38 +0000] "GET /6331198566aad64e3d598802/feed?page=0?limit=1 HTTP/1.1" 200 1356 "-" "PostmanRuntime/7.29.2"
::1 - - [04/Oct/2022:00:17:46 +0000] "GET /6331198566aad64e3d598802/feed?page=1?limit=1 HTTP/1.1" 200 126 "-" "PostmanRuntime/7.29.2"
::1 - - [04/Oct/2022:00:18:17 +0000] "GET /6331198566aad64e3d598802/feed?page=0?limit=1 HTTP/1.1" 200 1356 "-" "PostmanRuntime/7.29.2"
::1 - - [04/Oct/2022:00:19:35 +0000] "GET /6331198566aad64e3d598802/feed?page=1?limit=1 HTTP/1.1" 200 126 "-" "PostmanRuntime/7.29.2"
::1 - - [04/Oct/2022:00:19:46 +0000] "GET /6331198566aad64e3d598802/feed?page=1?limit=2 HTTP/1.1" 200 126 "-" "PostmanRuntime/7.29.2"
::1 - - [04/Oct/2022:00:20:11 +0000] "GET /6331198566aad64e3d598802/feed?page=1&limit=2 HTTP/1.1" 200 622 "-" "PostmanRuntime/7.29.2"
::1 - - [04/Oct/2022:00:20:34 +0000] "GET /6331198566aad64e3d598802/feed?page=2&limit=2 HTTP/1.1" 200 530 "-" "PostmanRuntime/7.29.2"
::1 - - [04/Oct/2022:00:20:43 +0000] "GET /6331198566aad64e3d598802/feed?page=3&limit=2 HTTP/1.1" 200 523 "-" "PostmanRuntime/7.29.2"
::1 - - [04/Oct/2022:02:02:04 +0000] "GET /6331198566aad64e3d598802/feed?page=3&limit=2 HTTP/1.1" 200 523 "-" "PostmanRuntime/7.29.2"
::1 - - [04/Oct/2022:02:02:26 +0000] "GET /6331198566aad64e3d598802/feed?page=3&limit=2 HTTP/1.1" 200 523 "-" "PostmanRuntime/7.29.2"
::1 - - [04/Oct/2022:02:02:42 +0000] "GET /6331198566aad64e3d598802/feed?page=3&limit=2 HTTP/1.1" 200 523 "-" "PostmanRuntime/7.29.2"
::1 - - [04/Oct/2022:02:04:11 +0000] "GET /6331198566aad64e3d598802/feed?page=3&limit=2&sortBy=createdAt&sortType=asc HTTP/1.1" 200 523 "-" "PostmanRuntime/7.29.2"
::1 - - [04/Oct/2022:02:04:57 +0000] "GET /6331198566aad64e3d598802/feed?page=3&limit=2&sortBy=createdddAt&sortType=asc HTTP/1.1" 200 523 "-" "PostmanRuntime/7.29.2"
::1 - - [04/Oct/2022:02:05:29 +0000] "GET /6331198566aad64e3d598802/feed?page=3&limit=2&sortBy=createdddAt&sortType=asc HTTP/1.1" 200 523 "-" "PostmanRuntime/7.29.2"
::1 - - [04/Oct/2022:02:09:28 +0000] "GET /6331198566aad64e3d598802/feed?page=3&limit=2&sortBy=createdAt&sortType=asc HTTP/1.1" 200 523 "-" "PostmanRuntime/7.29.2"
::1 - - [04/Oct/2022:02:10:47 +0000] "GET /6331198566aad64e3d598802/feed?page=3&limit=2&sortBy=createdAt&sortType=asc HTTP/1.1" 200 523 "-" "PostmanRuntime/7.29.2"
::1 - - [04/Oct/2022:02:13:31 +0000] "GET /6331198566aad64e3d598802/feed?page=3&limit=2&sortBy=createdAt&sortType=asc HTTP/1.1" 400 90 "-" "PostmanRuntime/7.29.2"
::1 - - [04/Oct/2022:02:14:42 +0000] "GET /6331198566aad64e3d598802/feed?page=3&limit=2&sortBy=createdAt&sortType=asc HTTP/1.1" 200 523 "-" "PostmanRuntime/7.29.2"
::1 - - [04/Oct/2022:02:14:51 +0000] "GET /6331198566aad64e3d598802/feed?page=3&limit=2&sortBy=createddddAt&sortType=asc HTTP/1.1" 200 523 "-" "PostmanRuntime/7.29.2"
::1 - - [04/Oct/2022:03:04:49 +0000] "POST /users/login HTTP/1.1" 200 1225 "-" "PostmanRuntime/7.29.2"
::1 - - [04/Oct/2022:03:05:52 +0000] "GET /6331198566aad64e3d598802/feed?page=3&limit=2&sortBy=createdAt&sortType=asc HTTP/1.1" 200 523 "-" "PostmanRuntime/7.29.2"
::1 - - [04/Oct/2022:03:06:39 +0000] "POST /users/login HTTP/1.1" 200 1375 "-" "PostmanRuntime/7.29.2"
::1 - - [04/Oct/2022:03:07:09 +0000] "POST /6331198566aad64e3d598802/posts/create HTTP/1.1" 201 753 "-" "PostmanRuntime/7.29.2"
::1 - - [04/Oct/2022:03:07:25 +0000] "GET /6331198566aad64e3d598802/feed?page=3&limit=2&sortBy=createdAt&sortType=asc HTTP/1.1" 200 513 "-" "PostmanRuntime/7.29.2"
::1 - - [04/Oct/2022:03:07:39 +0000] "GET /6331198566aad64e3d598802/feed?page=1&limit=2&sortBy=createdAt&sortType=asc HTTP/1.1" 200 622 "-" "PostmanRuntime/7.29.2"
::1 - - [04/Oct/2022:03:08:24 +0000] "GET /6331198566aad64e3d598802/feed?page=1&limit=2&sortBy=createdAt&sortType=asc HTTP/1.1" 200 622 "-" "PostmanRuntime/7.29.2"
::1 - - [04/Oct/2022:03:08:47 +0000] "GET /6331198566aad64e3d598802/feed?page=1&limit=2&sortBy=createdAt&sortType=asc HTTP/1.1" 200 622 "-" "PostmanRuntime/7.29.2"
::1 - - [04/Oct/2022:03:09:46 +0000] "GET /6331198566aad64e3d598802/feed?page=1&limit=2&sortBy=createdAt&sortType=asc HTTP/1.1" 200 622 "-" "PostmanRuntime/7.29.2"
::1 - - [04/Oct/2022:03:10:30 +0000] "GET /6331198566aad64e3d598802/feed?page=1&limit=2&sortBy=createdAt&sortType=desc HTTP/1.1" 200 622 "-" "PostmanRuntime/7.29.2"
::1 - - [04/Oct/2022:03:10:37 +0000] "GET /6331198566aad64e3d598802/feed?page=1&limit=2&sortBy=createdAt&sortType=desc HTTP/1.1" 200 622 "-" "PostmanRuntime/7.29.2"
::1 - - [04/Oct/2022:03:11:09 +0000] "GET /6331198566aad64e3d598802/feed?page=1&limit=2&sortBy=createdAt&sortType=desc HTTP/1.1" 200 522 "-" "PostmanRuntime/7.29.2"
::1 - - [04/Oct/2022:03:11:34 +0000] "GET /6331198566aad64e3d598802/feed?page=1&limit=2&sortBy=desc&sortType=desc HTTP/1.1" 200 523 "-" "PostmanRuntime/7.29.2"
::1 - - [04/Oct/2022:03:11:53 +0000] "GET /6331198566aad64e3d598802/feed?page=1&limit=2&sortBy=dedsc&sortType=desc HTTP/1.1" 200 622 "-" "PostmanRuntime/7.29.2"
::1 - - [05/Oct/2022:02:47:43 +0000] "GET /6331198566aad64e3d598802/feed?page=1&limit=2&sortBy=dedsc&sortType=desc HTTP/1.1" 200 622 "-" "PostmanRuntime/7.29.2"
::1 - - [05/Oct/2022:02:57:26 +0000] "POST /users/login HTTP/1.1" 200 1375 "-" "PostmanRuntime/7.29.2"
::1 - - [05/Oct/2022:03:37:44 +0000] "POST /users/login HTTP/1.1" 200 1375 "-" "PostmanRuntime/7.29.2"
::1 - - [05/Oct/2022:03:48:31 +0000] "POST /users/login HTTP/1.1" 200 1375 "-" "PostmanRuntime/7.29.2"
::1 - - [05/Oct/2022:03:49:10 +0000] "POST /users/login HTTP/1.1" 200 1375 "-" "PostmanRuntime/7.29.2"
::1 - - [05/Oct/2022:04:17:23 +0000] "POST /users/login HTTP/1.1" 200 1375 "-" "PostmanRuntime/7.29.2"
::1 - - [05/Oct/2022:09:38:18 +0000] "POST /users/login HTTP/1.1" 200 1375 "-" "PostmanRuntime/7.29.2"
::1 - - [05/Oct/2022:09:40:32 +0000] "POST /users/login HTTP/1.1" 200 1375 "-" "PostmanRuntime/7.29.2"
::1 - - [05/Oct/2022:09:41:52 +0000] "POST /users/login HTTP/1.1" 200 1375 "-" "PostmanRuntime/7.29.2"
::1 - - [05/Oct/2022:10:14:36 +0000] "POST /users/login HTTP/1.1" 200 1375 "-" "PostmanRuntime/7.29.2"
::1 - - [05/Oct/2022:10:58:09 +0000] "POST /users/login HTTP/1.1" 200 1375 "-" "PostmanRuntime/7.29.2"
::1 - - [05/Oct/2022:11:02:46 +0000] "POST /users/login HTTP/1.1" 200 1375 "-" "PostmanRuntime/7.29.2"
::1 - - [05/Oct/2022:23:19:59 +0000] "PUT /users/6331198566aad64e3d598802/follow HTTP/1.1" 200 41 "-" "PostmanRuntime/7.29.2"
::1 - - [05/Oct/2022:23:20:19 +0000] "PUT /users/6331198566aad64e3d598802/unfollow HTTP/1.1" 200 39 "-" "PostmanRuntime/7.29.2"
::1 - - [05/Oct/2022:23:20:35 +0000] "PUT /users/6331198566aad64e3d598802/follow HTTP/1.1" 200 41 "-" "PostmanRuntime/7.29.2"
::1 - - [05/Oct/2022:23:22:53 +0000] "PUT /users/6331198566aad64e3d598802/unfollow HTTP/1.1" 200 39 "-" "PostmanRuntime/7.29.2"
::1 - - [05/Oct/2022:23:22:57 +0000] "PUT /users/6331198566aad64e3d598802/follow HTTP/1.1" 200 41 "-" "PostmanRuntime/7.29.2"
::1 - - [05/Oct/2022:23:23:49 +0000] "PUT /users/6331198566aad64e3d598802/unfollow HTTP/1.1" 200 39 "-" "PostmanRuntime/7.29.2"
::1 - - [05/Oct/2022:23:24:06 +0000] "PUT /users/6331198566aad64e3d598802/follow HTTP/1.1" 200 41 "-" "PostmanRuntime/7.29.2"
::1 - - [05/Oct/2022:23:48:48 +0000] "POST /users/login HTTP/1.1" 200 1356 "-" "PostmanRuntime/7.29.2"
::1 - - [05/Oct/2022:23:49:30 +0000] "POST /6331198566aad64e3d598802/posts/create HTTP/1.1" 201 773 "-" "PostmanRuntime/7.29.2"
::1 - - [05/Oct/2022:23:51:44 +0000] "POST /6331198566aad64e3d598802/posts/create HTTP/1.1" 201 742 "-" "PostmanRuntime/7.29.2"
::1 - - [05/Oct/2022:23:53:02 +0000] "POST /6331198566aad64e3d598802/posts/create HTTP/1.1" 201 752 "-" "PostmanRuntime/7.29.2"
::1 - - [08/Oct/2022:16:50:12 +0000] "POST /6331198566aad64e3d598802/posts/633a4ce35806e74467df4179/addComment HTTP/1.1" 201 56 "-" "PostmanRuntime/7.29.2"
::1 - - [08/Oct/2022:16:51:32 +0000] "POST /6331198566aad64e3d598802/posts/633a4ce35806e74467df4179/addComment HTTP/1.1" 400 124 "-" "PostmanRuntime/7.29.2"
::1 - - [08/Oct/2022:16:53:12 +0000] "POST /6331198566aad64e3d598802/posts/633a4ce35806e74467df4179/addComment HTTP/1.1" 400 124 "-" "PostmanRuntime/7.29.2"
::1 - - [08/Oct/2022:16:55:15 +0000] "POST /6331198566aad64e3d598802/posts/633a4ce35806e74467df4179/addComment HTTP/1.1" 404 206 "-" "PostmanRuntime/7.29.2"
::1 - - [08/Oct/2022:16:57:39 +0000] "POST /6331198566aad64e3d598802/posts/633a4ce35806e74467df4179/addComment HTTP/1.1" 400 124 "-" "PostmanRuntime/7.29.2"
::1 - - [08/Oct/2022:17:00:12 +0000] "POST /6331198566aad64e3d598802/posts/633a4ce35806e74467df4179/addComment HTTP/1.1" 400 124 "-" "PostmanRuntime/7.29.2"
::1 - - [08/Oct/2022:17:01:15 +0000] "POST /6331198566aad64e3d598802/posts/633a4ce35806e74467df4179/addComment HTTP/1.1" 400 124 "-" "PostmanRuntime/7.29.2"
::1 - - [08/Oct/2022:17:03:49 +0000] "POST /6331198566aad64e3d598802/posts/633a4ce35806e74467df4179/addComment HTTP/1.1" 404 206 "-" "PostmanRuntime/7.29.2"
::1 - - [08/Oct/2022:17:05:47 +0000] "POST /6331198566aad64e3d598802/posts/633a4ce35806e74467df4179/addComment HTTP/1.1" 404 206 "-" "PostmanRuntime/7.29.2"
::1 - - [08/Oct/2022:17:12:20 +0000] "POST /6331198566aad64e3d598802/posts/633a4ce35806e74467df4179/addComment HTTP/1.1" 404 206 "-" "PostmanRuntime/7.29.2"
::1 - - [08/Oct/2022:17:14:34 +0000] "POST /6331198566aad64e3d598802/posts/633a4ce35806e74467df4179/addComment HTTP/1.1" 400 147 "-" "PostmanRuntime/7.29.2"
::1 - - [08/Oct/2022:17:14:56 +0000] "POST /6331198566aad64e3d598802/posts/633a4ce35806e74467df4179/addComment HTTP/1.1" 404 206 "-" "PostmanRuntime/7.29.2"
::1 - - [08/Oct/2022:17:17:18 +0000] "POST /6331198566aad64e3d598802/posts/633a4ce35806e74467df4179/addComment HTTP/1.1" 201 314 "-" "PostmanRuntime/7.29.2"
::1 - - [08/Oct/2022:17:21:45 +0000] "POST /6331198566aad64e3d598802/posts/633a4ce35806e74467df4179/addComment HTTP/1.1" 201 337 "-" "PostmanRuntime/7.29.2"
::1 - - [08/Oct/2022:17:22:15 +0000] "POST /6331198566aad64e3d598802/posts/633a4ce35806e74467df4179/addComment HTTP/1.1" 201 337 "-" "PostmanRuntime/7.29.2"
::1 - - [08/Oct/2022:17:25:08 +0000] "POST /6331198566aad64e3d598802/posts/633a4ce35806e74467df4179/addComment HTTP/1.1" 400 81 "-" "PostmanRuntime/7.29.2"
::1 - - [08/Oct/2022:17:26:00 +0000] "GET /6331198566aad64e3d598802/posts/633a4ce35806e74467df4179/comment/getCommentAndItsReplies HTTP/1.1" 201 2 "-" "PostmanRuntime/7.29.2"
::1 - - [08/Oct/2022:17:29:06 +0000] "GET /6331198566aad64e3d598802/posts/633a4ce35806e74467df4179/comment/getCommentAndItsReplies HTTP/1.1" 201 2552 "-" "PostmanRuntime/7.29.2"
::1 - - [08/Oct/2022:17:33:49 +0000] "POST /6331198566aad64e3d598802/posts/633a4ce35806e74467df4179/addComment HTTP/1.1" 201 319 "-" "PostmanRuntime/7.29.2"
::1 - - [08/Oct/2022:17:34:33 +0000] "GET /6331198566aad64e3d598802/posts/633a4ce35806e74467df4179/comment/getCommentAndItsReplies HTTP/1.1" 201 3373 "-" "PostmanRuntime/7.29.2"
::1 - - [08/Oct/2022:17:38:31 +0000] "GET /6331198566aad64e3d598802/posts/633a4ce35806e74467df4179/comment/getCommentAndItsReplies HTTP/1.1" 201 1201 "-" "PostmanRuntime/7.29.2"
::1 - - [08/Oct/2022:17:40:02 +0000] "GET /6331198566aad64e3d598802/posts/633a4ce35806e74467df4179/comment/getCommentAndItsReplies HTTP/1.1" 201 1201 "-" "PostmanRuntime/7.29.2"
::1 - - [08/Oct/2022:17:40:24 +0000] "GET /6331198566aad64e3d598802/posts/633a4ce35806e74467df4179/comment/getCommentAndItsReplies HTTP/1.1" 201 1201 "-" "PostmanRuntime/7.29.2"
::1 - - [08/Oct/2022:17:45:40 +0000] "GET /6331198566aad64e3d598802/posts/633a4ce35806e74467df4179/comment/getCommentAndItsReplies HTTP/1.1" 201 1969 "-" "PostmanRuntime/7.29.2"
::1 - - [08/Oct/2022:17:51:53 +0000] "GET /6331198566aad64e3d598802/posts/633a4ce35806e74467df4179/comment/getCommentAndItsReplies HTTP/1.1" 201 1216 "-" "PostmanRuntime/7.29.2"
::1 - - [08/Oct/2022:17:54:24 +0000] "GET /6331198566aad64e3d598802/posts/633a4ce35806e74467df4179/comment/getCommentAndItsReplies HTTP/1.1" 201 1216 "-" "PostmanRuntime/7.29.2"
::1 - - [08/Oct/2022:17:55:31 +0000] "GET /6331198566aad64e3d598802/posts/633a4ce35806e74467df4179/comment/getCommentAndItsReplies HTTP/1.1" 201 1216 "-" "PostmanRuntime/7.29.2"
::1 - - [08/Oct/2022:17:55:40 +0000] "GET /6331198566aad64e3d598802/posts/633a4ce35806e74467df4179/comment/getCommentAndItsReplies HTTP/1.1" 201 2014 "-" "PostmanRuntime/7.29.2"
::1 - - [08/Oct/2022:17:56:23 +0000] "GET /6331198566aad64e3d598802/posts/633a4ce35806e74467df4179/comment/getCommentAndItsReplies HTTP/1.1" 201 2030 "-" "PostmanRuntime/7.29.2"
::1 - - [08/Oct/2022:17:56:55 +0000] "GET /6331198566aad64e3d598802/posts/633a4ce35806e74467df4179/comment/getCommentAndItsReplies HTTP/1.1" 201 1986 "-" "PostmanRuntime/7.29.2"
::1 - - [08/Oct/2022:17:57:35 +0000] "GET /6331198566aad64e3d598802/posts/633a4ce35806e74467df4179/comment/getCommentAndItsReplies HTTP/1.1" 201 1172 "-" "PostmanRuntime/7.29.2"
::1 - - [08/Oct/2022:17:57:50 +0000] "GET /6331198566aad64e3d598802/posts/633a4ce35806e74467df4179/comment/getCommentAndItsReplies HTTP/1.1" 201 1172 "-" "PostmanRuntime/7.29.2"
::1 - - [08/Oct/2022:17:58:05 +0000] "GET /6331198566aad64e3d598802/posts/633a4ce35806e74467df4179/comment/getCommentAndItsReplies HTTP/1.1" 201 1172 "-" "PostmanRuntime/7.29.2"
::1 - - [08/Oct/2022:17:58:15 +0000] "GET /6331198566aad64e3d598802/posts/633a4ce35806e74467df4179/comment/getCommentAndItsReplies HTTP/1.1" 201 1986 "-" "PostmanRuntime/7.29.2"
::1 - - [08/Oct/2022:18:32:49 +0000] "GET /6331198566aad64e3d598802/posts/633a4ce35806e74467df4179/comment/getCommentAndItsReplies HTTP/1.1" 500 121 "-" "PostmanRuntime/7.29.2"
::1 - - [08/Oct/2022:18:33:43 +0000] "GET /6331198566aad64e3d598802/posts/633a4ce35806e74467df4179/comment/getCommentAndItsReplies HTTP/1.1" 201 59 "-" "PostmanRuntime/7.29.2"
::1 - - [08/Oct/2022:18:33:53 +0000] "GET /6331198566aad64e3d598802/posts/633a4ce35806e74467df4179/comment/getCommentAndItsReplies HTTP/1.1" 201 335 "-" "PostmanRuntime/7.29.2"
::1 - - [08/Oct/2022:18:34:15 +0000] "GET /6331198566aad64e3d598802/posts/633a4ce35806e74467df4179/comment/getCommentAndItsReplies HTTP/1.1" 201 878 "-" "PostmanRuntime/7.29.2"
::1 - - [09/Oct/2022:06:47:07 +0000] "GET /6331198566aad64e3d598802/posts/633a4ce35806e74467df4179/comment/getCommentAndItsReplies HTTP/1.1" 201 876 "-" "PostmanRuntime/7.29.2"
::1 - - [09/Oct/2022:06:52:29 +0000] "POST /6331198566aad64e3d598802/posts/633a4ce35806e74467df4179/comment/deleteComment HTTP/1.1" 404 217 "-" "PostmanRuntime/7.29.2"
::1 - - [09/Oct/2022:06:52:59 +0000] "POST /6331198566aad64e3d598802/posts/633a4ce35806e74467df4179/deleteComment HTTP/1.1" 201 79 "-" "PostmanRuntime/7.29.2"
::1 - - [09/Oct/2022:11:18:37 +0000] "POST /6331198566aad64e3d598802/posts/633a4ce35806e74467df4179/addComment HTTP/1.1" 201 215 "-" "PostmanRuntime/7.29.2"
::1 - - [09/Oct/2022:11:19:52 +0000] "POST /6331198566aad64e3d598802/posts/633a4ce35806e74467df4179/addComment HTTP/1.1" 201 246 "-" "PostmanRuntime/7.29.2"
::1 - - [09/Oct/2022:11:20:09 +0000] "POST /6331198566aad64e3d598802/posts/633a4ce35806e74467df4179/addComment HTTP/1.1" 201 246 "-" "PostmanRuntime/7.29.2"
::1 - - [09/Oct/2022:11:20:48 +0000] "POST /6331198566aad64e3d598802/posts/633a4ce35806e74467df4179/addComment HTTP/1.1" 201 246 "-" "PostmanRuntime/7.29.2"
::1 - - [09/Oct/2022:11:21:18 +0000] "POST /6331198566aad64e3d598802/posts/633a4ce35806e74467df4179/addComment HTTP/1.1" 201 215 "-" "PostmanRuntime/7.29.2"
::1 - - [09/Oct/2022:11:44:18 +0000] "POST /6331198566aad64e3d598802/posts/633a4ce35806e74467df4179/addComment HTTP/1.1" 201 298 "-" "PostmanRuntime/7.29.2"
::1 - - [09/Oct/2022:11:44:49 +0000] "POST /6331198566aad64e3d598802/posts/633a4ce35806e74467df4179/addComment HTTP/1.1" 201 337 "-" "PostmanRuntime/7.29.2"
::1 - - [09/Oct/2022:11:45:08 +0000] "POST /6331198566aad64e3d598802/posts/633a4ce35806e74467df4179/addComment HTTP/1.1" 201 337 "-" "PostmanRuntime/7.29.2"
::1 - - [09/Oct/2022:11:45:22 +0000] "POST /6331198566aad64e3d598802/posts/633a4ce35806e74467df4179/addComment HTTP/1.1" 201 298 "-" "PostmanRuntime/7.29.2"
::1 - - [09/Oct/2022:11:46:19 +0000] "GET /6331198566aad64e3d598802/posts/633a4ce35806e74467df4179/getCommentAndItsReplies HTTP/1.1" 201 45 "-" "PostmanRuntime/7.29.2"
::1 - - [09/Oct/2022:11:46:51 +0000] "GET /6331198566aad64e3d598802/posts/633a4ce35806e74467df4179/getCommentAndItsReplies HTTP/1.1" 201 845 "-" "PostmanRuntime/7.29.2"
::1 - - [09/Oct/2022:11:47:13 +0000] "POST /6331198566aad64e3d598802/posts/633a4ce35806e74467df4179/deleteComment HTTP/1.1" 201 79 "-" "PostmanRuntime/7.29.2"
::1 - - [10/Oct/2022:11:43:45 +0000] "GET /user/6331198566aad64e3d598802/stripe-payment HTTP/1.1" 404 183 "-" "PostmanRuntime/7.29.2"
::1 - - [10/Oct/2022:11:44:24 +0000] "GET /users/6331198566aad64e3d598802/stripe-payment HTTP/1.1" 400 83 "-" "PostmanRuntime/7.29.2"
::1 - - [10/Oct/2022:11:48:22 +0000] "POST /users/6331198566aad64e3d598802/stripe-payment HTTP/1.1" 400 83 "-" "PostmanRuntime/7.29.2"
::1 - - [10/Oct/2022:11:49:00 +0000] "POST /users/6331198566aad64e3d598802/stripe-payment HTTP/1.1" 200 32 "-" "PostmanRuntime/7.29.2"
::1 - - [10/Oct/2022:11:52:17 +0000] "POST /users/6331198566aad64e3d598802/stripe-payment HTTP/1.1" 400 83 "-" "PostmanRuntime/7.29.2"
::1 - - [10/Oct/2022:11:54:33 +0000] "POST /users/6331198566aad64e3d598802/stripe-payment HTTP/1.1" 400 83 "-" "PostmanRuntime/7.29.2"
::1 - - [10/Oct/2022:11:55:56 +0000] "POST /users/6331198566aad64e3d598802/stripe-payment HTTP/1.1" 400 83 "-" "PostmanRuntime/7.29.2"
::1 - - [10/Oct/2022:11:59:04 +0000] "POST /users/6331198566aad64e3d598802/stripe-payment HTTP/1.1" 400 83 "-" "PostmanRuntime/7.29.2"
::1 - - [10/Oct/2022:12:00:00 +0000] "POST /users/6331198566aad64e3d598802/stripe-payment HTTP/1.1" 400 1518 "-" "PostmanRuntime/7.29.2"
::1 - - [10/Oct/2022:12:01:36 +0000] "POST /users/6331198566aad64e3d598802/stripe-payment HTTP/1.1" 400 2160 "-" "PostmanRuntime/7.29.2"
::1 - - [10/Oct/2022:12:04:18 +0000] "POST /users/6331198566aad64e3d598802/stripe-payment HTTP/1.1" 400 2410 "-" "PostmanRuntime/7.29.2"
::1 - - [10/Oct/2022:12:07:24 +0000] "POST /users/6331198566aad64e3d598802/stripe-payment HTTP/1.1" 400 1942 "-" "PostmanRuntime/7.29.2"
::1 - - [10/Oct/2022:12:07:43 +0000] "POST /users/6331198566aad64e3d598802/stripe-payment HTTP/1.1" 400 1950 "-" "PostmanRuntime/7.29.2"
::1 - - [10/Oct/2022:12:08:06 +0000] "POST /users/6331198566aad64e3d598802/stripe-payment HTTP/1.1" 400 2030 "-" "PostmanRuntime/7.29.2"
::1 - - [10/Oct/2022:12:11:19 +0000] "POST /users/6331198566aad64e3d598802/stripe-payment HTTP/1.1" 200 402 "-" "PostmanRuntime/7.29.2"
::1 - - [10/Oct/2022:14:16:32 +0000] "GET /success.html HTTP/1.1" 404 151 "-" "Mozilla/5.0 (Macintosh; Intel Mac OS X 10_15_7) AppleWebKit/537.36 (KHTML, like Gecko) Chrome/104.0.5112.102 Safari/537.36 OPR/90.0.4480.117"
::1 - - [10/Oct/2022:17:11:24 +0000] "POST /users/6331198566aad64e3d598802/stripe-payment HTTP/1.1" 200 402 "-" "PostmanRuntime/7.29.2"
::1 - - [10/Oct/2022:17:12:53 +0000] "GET /successfullypaid HTTP/1.1" - - "-" "Mozilla/5.0 (Macintosh; Intel Mac OS X 10_15_7) AppleWebKit/537.36 (KHTML, like Gecko) Chrome/104.0.5112.102 Safari/537.36 OPR/90.0.4480.117"
::1 - - [11/Oct/2022:11:22:37 +0000] "POST /users/register HTTP/1.1" 201 66 "-" "PostmanRuntime/7.29.2"
::1 - - [11/Oct/2022:11:22:53 +0000] "POST /users/login HTTP/1.1" 200 1402 "-" "PostmanRuntime/7.29.2"
